<?xml version="1.0" encoding="UTF-8" ?>
<testsuite failures="3" time="13.104" errors="0" skipped="4" tests="7" name="TestSuite">
  <properties>
[...]
</properties>
  <testcase time="0.62" classname="com.selenium.framework.datadriven.PortFolio.LoginTest" name="logintest">
    <skipped/>
    <system-out>Starting suite PortFolio
26
1
3
6
</system-out>
  </testcase>
  <testcase time="0.639" classname="com.selenium.framework.datadriven.PortFolio.LoginTest" name="logintest">
    <skipped/>
  </testcase>
  <testcase time="4.539" classname="com.selenium.framework.datadriven.PortFolio.LoginTest" name="logintest">
    <failure message="Not able to open browser - Could not start a new session. Possible causes are invalid address of the remote server or browser start-up failure.
Build info: version: &apos;2.42.2&apos;, revision: &apos;6a6995d31c7c56c340d6f45a76976d43506cd6cc&apos;, time: &apos;2014-06-03 10:52:47&apos;
System info: host: &apos;welcome-PC&apos;, ip: &apos;192.168.1.6&apos;, os.name: &apos;Windows 7&apos;, os.arch: &apos;amd64&apos;, os.version: &apos;6.1&apos;, java.version: &apos;1.7.0_79&apos;
Driver info: driver.version: RemoteWebDriver" type="java.lang.AssertionError">java.lang.AssertionError: Not able to open browser - Could not start a new session. Possible causes are invalid address of the remote server or browser start-up failure.
Build info: version: &apos;2.42.2&apos;, revision: &apos;6a6995d31c7c56c340d6f45a76976d43506cd6cc&apos;, time: &apos;2014-06-03 10:52:47&apos;
System info: host: &apos;welcome-PC&apos;, ip: &apos;192.168.1.6&apos;, os.name: &apos;Windows 7&apos;, os.arch: &apos;amd64&apos;, os.version: &apos;6.1&apos;, java.version: &apos;1.7.0_79&apos;
Driver info: driver.version: RemoteWebDriver
	at org.testng.Assert.fail(Assert.java:89)
	at com.selenium.framework.datadriven.TestBase.openBrowser(TestBase.java:143)
	at com.selenium.framework.datadriven.TestBase.doLogin(TestBase.java:217)
	at com.selenium.framework.datadriven.PortFolio.LoginTest.logintest(LoginTest.java:48)
</failure>
    <system-err>log4j:WARN No appenders could be found for logger (org.apache.http.client.protocol.RequestAddCookies).
log4j:WARN Please initialize the log4j system properly.
</system-err>
  </testcase>
  <testcase time="0.9" classname="com.selenium.framework.datadriven.PortFolio.TopAssetsperTest" name="topperformingassetstest">
    <skipped/>
    <system-out>26
7
3
3
</system-out>
  </testcase>
  <testcase time="0.909" classname="com.selenium.framework.datadriven.PortFolio.TopAssetsperTest" name="topperformingassetstest">
    <skipped/>
  </testcase>
  <testcase time="3.297" classname="com.selenium.framework.datadriven.PortFolio.TopAssetsperTest" name="topperformingassetstest">
    <failure message="Not able to open browser - Could not start a new session. Possible causes are invalid address of the remote server or browser start-up failure.
Build info: version: &apos;2.42.2&apos;, revision: &apos;6a6995d31c7c56c340d6f45a76976d43506cd6cc&apos;, time: &apos;2014-06-03 10:52:47&apos;
System info: host: &apos;welcome-PC&apos;, ip: &apos;192.168.1.6&apos;, os.name: &apos;Windows 7&apos;, os.arch: &apos;amd64&apos;, os.version: &apos;6.1&apos;, java.version: &apos;1.7.0_79&apos;
Driver info: driver.version: RemoteWebDriver" type="java.lang.AssertionError">java.lang.AssertionError: Not able to open browser - Could not start a new session. Possible causes are invalid address of the remote server or browser start-up failure.
Build info: version: &apos;2.42.2&apos;, revision: &apos;6a6995d31c7c56c340d6f45a76976d43506cd6cc&apos;, time: &apos;2014-06-03 10:52:47&apos;
System info: host: &apos;welcome-PC&apos;, ip: &apos;192.168.1.6&apos;, os.name: &apos;Windows 7&apos;, os.arch: &apos;amd64&apos;, os.version: &apos;6.1&apos;, java.version: &apos;1.7.0_79&apos;
Driver info: driver.version: RemoteWebDriver
	at org.testng.Assert.fail(Assert.java:89)
	at com.selenium.framework.datadriven.TestBase.openBrowser(TestBase.java:143)
	at com.selenium.framework.datadriven.TestBase.doLogin(TestBase.java:217)
	at com.selenium.framework.datadriven.TestBase.doDefaultLogin(TestBase.java:237)
	at com.selenium.framework.datadriven.PortFolio.TopAssetsperTest.topperformingassetstest(TopAssetsperTest.java:34)
</failure>
  </testcase>
  <testcase time="2.2" classname="com.selenium.framework.datadriven.PortFolio.Test3" name="test3">
    <failure message="Not able to open browser - Could not start a new session. Possible causes are invalid address of the remote server or browser start-up failure.
Build info: version: &apos;2.42.2&apos;, revision: &apos;6a6995d31c7c56c340d6f45a76976d43506cd6cc&apos;, time: &apos;2014-06-03 10:52:47&apos;
System info: host: &apos;welcome-PC&apos;, ip: &apos;192.168.1.6&apos;, os.name: &apos;Windows 7&apos;, os.arch: &apos;amd64&apos;, os.version: &apos;6.1&apos;, java.version: &apos;1.7.0_79&apos;
Driver info: driver.version: RemoteWebDriver" type="java.lang.AssertionError">java.lang.AssertionError: Not able to open browser - Could not start a new session. Possible causes are invalid address of the remote server or browser start-up failure.
Build info: version: &apos;2.42.2&apos;, revision: &apos;6a6995d31c7c56c340d6f45a76976d43506cd6cc&apos;, time: &apos;2014-06-03 10:52:47&apos;
System info: host: &apos;welcome-PC&apos;, ip: &apos;192.168.1.6&apos;, os.name: &apos;Windows 7&apos;, os.arch: &apos;amd64&apos;, os.version: &apos;6.1&apos;, java.version: &apos;1.7.0_79&apos;
Driver info: driver.version: RemoteWebDriver
	at org.testng.Assert.fail(Assert.java:89)
	at com.selenium.framework.datadriven.TestBase.openBrowser(TestBase.java:143)
	at com.selenium.framework.datadriven.TestBase.doLogin(TestBase.java:217)
	at com.selenium.framework.datadriven.TestBase.doDefaultLogin(TestBase.java:237)
	at com.selenium.framework.datadriven.PortFolio.Test3.test3(Test3.java:27)
</failure>
    <system-out>26
13
1
8
</system-out>
  </testcase>
</testsuite>