<?xml version="1.0" encoding="UTF-8"?>
<!-- Generated by org.testng.reporters.JUnitXMLReporter -->
<testsuite hostname="welcome-PC" name="Test 5" tests="3" failures="0" timestamp="29 Feb 2016 10:50:17 GMT" time="0.769" errors="0">
  <testcase name="test5" time="0.259" classname="com.selenium.framework.datadriven.suiteA.Test5"/>
  <testcase name="test5" time="0.234" classname="com.selenium.framework.datadriven.suiteA.Test5">
    <skipped/>
  </testcase> <!-- test5 -->
  <testcase name="test5" time="0.085" classname="com.selenium.framework.datadriven.suiteA.Test5"/>
</testsuite> <!-- Test 5 -->
