<?xml version="1.0" encoding="UTF-8"?>
<!-- Generated by org.testng.reporters.JUnitXMLReporter -->
<testsuite hostname="welcome-PC" name="Test 1" tests="3" failures="0" timestamp="29 Feb 2016 10:50:16 GMT" time="3.957" errors="0">
  <testcase name="test1" time="0.264" classname="com.selenium.framework.datadriven.suiteA.Test1"/>
  <testcase name="test1" time="0.181" classname="com.selenium.framework.datadriven.suiteA.Test1">
    <skipped/>
  </testcase> <!-- test1 -->
  <testcase name="test1" time="0.129" classname="com.selenium.framework.datadriven.suiteA.Test1"/>
</testsuite> <!-- Test 1 -->
