<?xml version="1.0" encoding="UTF-8"?>
<!-- Generated by org.testng.reporters.JUnitXMLReporter -->
<testsuite hostname="welcome-PC" name="LoginTest" tests="3" failures="1" timestamp="13 Mar 2016 12:17:19 GMT" time="34.632" errors="0">
  <testcase name="logintest" time="31.166" classname="com.selenium.framework.datadriven.PortFolio.LoginTest">
    <failure type="java.lang.AssertionError" message="Title does not match expected [true] but found [false]">
      <![CDATA[java.lang.AssertionError: Title does not match expected [true] but found [false]
	at com.selenium.framework.datadriven.PortFolio.LoginTest.logintest(LoginTest.java:59)
... Removed 28 stack frames]]>
    </failure>
  </testcase> <!-- logintest -->
  <testcase name="logintest" time="0.161" classname="com.selenium.framework.datadriven.PortFolio.LoginTest">
    <skipped/>
  </testcase> <!-- logintest -->
  <testcase name="logintest" time="0.141" classname="com.selenium.framework.datadriven.PortFolio.LoginTest">
    <skipped/>
  </testcase> <!-- logintest -->
</testsuite> <!-- LoginTest -->
