<?xml version="1.0" encoding="UTF-8"?>
<!-- Generated by org.testng.reporters.JUnitXMLReporter -->
<testsuite hostname="welcome-PC" name="Test5" tests="3" failures="0" timestamp="13 Mar 2016 11:55:32 GMT" time="0.792" errors="0">
  <testcase name="test5" time="0.273" classname="com.selenium.framework.datadriven.PortFolio.Test5"/>
  <testcase name="test5" time="0.273" classname="com.selenium.framework.datadriven.PortFolio.Test5"/>
  <testcase name="test5" time="0.108" classname="com.selenium.framework.datadriven.PortFolio.Test5"/>
</testsuite> <!-- Test5 -->
