<?xml version="1.0" encoding="UTF-8"?>
<!-- Generated by org.testng.reporters.JUnitXMLReporter -->
<testsuite hostname="welcome-PC" name="Test3" tests="1" failures="1" timestamp="13 Mar 2016 12:18:00 GMT" time="21.599" errors="0">
  <testcase name="test3" time="19.58" classname="com.selenium.framework.datadriven.PortFolio.Test3">
    <failure type="java.lang.AssertionError" message="Title does not match expected [true] but found [false]">
      <![CDATA[java.lang.AssertionError: Title does not match expected [true] but found [false]
	at com.selenium.framework.datadriven.PortFolio.Test3.test3(Test3.java:29)
... Removed 28 stack frames]]>
    </failure>
  </testcase> <!-- test3 -->
</testsuite> <!-- Test3 -->
