<?xml version="1.0" encoding="UTF-8"?>
<!-- Generated by org.testng.reporters.JUnitXMLReporter -->
<testsuite hostname="welcome-PC" name="Test 1" tests="3" failures="0" timestamp="1 Mar 2016 12:11:41 GMT" time="1.698" errors="0">
  <testcase name="logintest" time="0.113" classname="com.selenium.framework.datadriven.PortFolio.Test1"/>
  <testcase name="logintest" time="0.202" classname="com.selenium.framework.datadriven.PortFolio.Test1">
    <skipped/>
  </testcase> <!-- logintest -->
  <testcase name="logintest" time="0.19" classname="com.selenium.framework.datadriven.PortFolio.Test1"/>
</testsuite> <!-- Test 1 -->
