<?xml version="1.0" encoding="UTF-8"?>
<!-- Generated by org.testng.reporters.JUnitXMLReporter -->
<testsuite hostname="welcome-PC" name="TopAssetsperTest" tests="3" failures="0" timestamp="13 Mar 2016 12:17:39 GMT" time="19.47" errors="0">
  <testcase name="topperformingassetstest" time="17.096" classname="com.selenium.framework.datadriven.PortFolio.TopAssetsperTest"/>
  <testcase name="topperformingassetstest" time="0.207" classname="com.selenium.framework.datadriven.PortFolio.TopAssetsperTest">
    <skipped/>
  </testcase> <!-- topperformingassetstest -->
  <testcase name="topperformingassetstest" time="0.221" classname="com.selenium.framework.datadriven.PortFolio.TopAssetsperTest">
    <skipped/>
  </testcase> <!-- topperformingassetstest -->
</testsuite> <!-- TopAssetsperTest -->
